{
  "RSpec": {
    "coverage": {
      "/app/spec/controllers/asset_uploads_controller_spec.rb": {
        "lines": [
          null,
          null,
          null,
          1,
          null,
          1,
          1,
          1,
          4,
          null,
          null,
          null,
          null,
          null,
          1,
          1,
          2,
          null,
          2,
          null,
          null,
          null,
          null,
          null,
          null,
          null,
          null,
          2,
          null,
          null,
          1,
          1,
          null,
          1,
          null,
          null,
          1,
          1,
          1,
          1,
          null,
          null,
          null,
          1,
          1,
          2,
          null,
          null,
          1,
          1,
          null,
          null,
          1,
          1,
          1,
          null,
          null,
          null,
          1,
          1,
          2,
          null,
          2,
          null,
          null,
          null,
          null,
          null,
          null,
          null,
          2,
          null,
          null,
          1,
          1,
          null,
          null,
          1,
          1,
          1,
          null,
          null,
          null,
          null
        ]
      },
      "/app/spec/rails_helper.rb": {
        "lines": [
          null,
          null,
          1,
          1,
          1,
          1,
          null,
          1,
          1,
          1,
          4,
          null,
          null,
          null,
          1,
          null,
          0,
          null,
          null,
          1,
          1,
          1,
          1,
          null,
          null,
          null,
          1,
          null,
          1,
          null,
          null,
          null,
          null,
          1,
          null,
          null,
          null,
          1,
          null,
          null,
          1,
          1,
          1,
          null,
          null,
          1,
          1,
          null,
          null,
          1,
          27,
          27,
          null,
          null,
          null,
          1,
          1,
          null,
          null,
          1,
          27,
          null,
          null,
          1,
          null,
          1,
          0,
          0,
          null,
          null,
          null,
          1,
          null,
          null,
          1,
          null,
          null,
          null
        ]
      },
      "/app/config/environment.rb": {
        "lines": [
          null,
          null,
          null,
          1,
          null,
          null,
          1
        ]
      },
      "/app/config/application.rb": {
        "lines": [
          null,
          null,
          1,
          null,
          1,
          null,
          1,
          1,
          1,
          1,
          1,
          1,
          1,
          1,
          1,
          1,
          null,
          null,
          null,
          null,
          1,
          null,
          1,
          1,
          null,
          1,
          null,
          null,
          null,
          null,
          null,
          null,
          null,
          null,
          null,
          null,
          1,
          1,
          null,
          null
        ]
      },
      "/app/config/boot.rb": {
        "lines": [
          null,
          null,
          1,
          null,
          1,
          1
        ]
      },
      "/app/config/environments/test.rb": {
        "lines": [
          null,
          null,
          1,
          null,
          null,
          null,
          null,
          null,
          null,
          1,
          null,
          1,
          null,
          null,
          1,
          null,
          null,
          null,
          null,
          1,
          null,
          null,
          1,
          1,
          null,
          null,
          null,
          null,
          1,
          1,
          1,
          null,
          null,
          1,
          null,
          null,
          1,
          null,
          null,
          1,
          null,
          1,
          null,
          null,
          null,
          null,
          1,
          null,
          null,
          1,
          null,
          null,
          1,
          null,
          null,
          1,
          null,
          null,
          null,
          null,
          null,
          null,
          null
        ]
      },
      "/app/config/initializers/assets.rb": {
        "lines": [
          null,
          null,
          null,
          null,
          null,
          1,
          null,
          null,
          null,
          null,
          null,
          null,
          null,
          null
        ]
      },
      "/app/config/initializers/content_security_policy.rb": {
        "lines": [
          null,
          null,
          null,
          null,
          null,
          null,
          null,
          null,
          null,
          null,
          null,
          null,
          null,
          null,
          null,
          null,
          null,
          null,
          null,
          null,
          null,
          null,
          null,
          null,
          null,
          null
        ]
      },
      "/app/config/initializers/filter_parameter_logging.rb": {
        "lines": [
          null,
          null,
          null,
          null,
          null,
          null,
          null,
          1,
          null,
          null
        ]
      },
      "/app/config/initializers/inflections.rb": {
        "lines": [
          null,
          null,
          null,
          null,
          null,
          null,
          null,
          null,
          null,
          null,
          null,
          null,
          null,
          null,
          null,
          null,
          null
        ]
      },
      "/app/config/initializers/kaminari.rb": {
        "lines": [
          null,
          null,
          1,
          1,
          null,
          null,
          null,
          null,
          null,
          1,
          1,
          null,
          1,
          null
        ]
      },
      "/app/config/initializers/mapkick.rb": {
        "lines": [
          null,
          null,
          1,
          1
        ]
      },
      "/app/config/initializers/permissions_policy.rb": {
        "lines": [
          null,
          null,
          null,
          null,
          null,
          null,
          null,
          null,
          null,
          null,
          null,
          null
        ]
      },
      "/app/spec/factories/categories.rb": {
        "lines": [
          null,
          null,
          1,
          1,
          1,
          null,
          null
        ]
      },
      "/app/spec/factories/comments.rb": {
        "lines": [
          null,
          null,
          1,
          1,
          1,
          23,
          null,
          null
        ]
      },
      "/app/spec/factories/locations.rb": {
        "lines": [
          null,
          null,
          1,
          1,
          22,
          22,
          22,
          22,
          null,
          1,
          1,
          0,
          null,
          null,
          null,
          null
        ]
      },
      "/app/config/routes.rb": {
        "lines": [
          null,
          null,
          1,
          1,
          1,
          1,
          1,
          1,
          1,
          null,
          null,
          null,
          1,
          null
        ]
      },
      "/app/app/helpers/application_helper.rb": {
        "lines": [
          null,
          null,
          1,
          1,
          0,
          0,
          0,
          0,
          null,
          0,
          0,
          0,
          0,
          null,
          0,
          null,
          null
        ]
      },
      "/app/app/helpers/comments_helper.rb": {
        "lines": [
          null,
          null,
          1,
          null
        ]
      },
      "/app/app/helpers/locations_helper.rb": {
        "lines": [
          null,
          null,
          1,
          null
        ]
      },
      "/app/spec/support/geocoder_stubs.rb": {
        "lines": [
          null,
          null,
          null,
          1,
          1,
          null,
          1,
          11,
          27,
          null,
          null,
          null,
          null,
          null,
          null,
          null,
          null,
          null,
          null,
          null,
          null,
          null,
          null,
          null
        ]
      },
      "/app/spec/support/matchers/upload_arguments_matcher.rb": {
        "lines": [
          null,
          null,
          null,
          1,
          0,
          0,
          0,
          null,
          null
        ]
      },
      "/app/spec/support/request_spec_helper.rb": {
        "lines": [
          null,
          null,
          1,
          null,
          1,
          6,
          null,
          null
        ]
      },
      "/app/app/controllers/asset_uploads_controller.rb": {
        "lines": [
          null,
          null,
          null,
          1,
          1,
          null,
          1,
          6,
          2,
          null,
          null,
          null,
          4,
          null,
          null,
          null,
          4,
          2,
          null,
          2,
          null,
          null,
          null,
          null,
          1,
          6,
          null,
          null
        ]
      },
      "/app/app/controllers/application_controller.rb": {
        "lines": [
          null,
          null,
          1,
          1,
          null
        ]
      },
      "/app/spec/controllers/comments_controller_spec.rb": {
        "lines": [
          null,
          null,
          1,
          null,
          1,
          22,
          null,
          1,
          1,
          5,
          null,
          1,
          1,
          1,
          null,
          null,
          null,
          1,
          1,
          1,
          null,
          null,
          1,
          1,
          1,
          null,
          null,
          1,
          1,
          1,
          1,
          null,
          null,
          null,
          1,
          4,
          null,
          1,
          1,
          1,
          null,
          null,
          null,
          1,
          1,
          1,
          null,
          null,
          1,
          1,
          1,
          1,
          null,
          null,
          null,
          null,
          1,
          2,
          1,
          1,
          1,
          1,
          null,
          null,
          null,
          1,
          3,
          null,
          1,
          1,
          1,
          null,
          null,
          1,
          1,
          1,
          null,
          null,
          null,
          1,
          8,
          null,
          1,
          5,
          null,
          1,
          1,
          1,
          1,
          null,
          null,
          1,
          1,
          1,
          null,
          null,
          1,
          1,
          1,
          null,
          null,
          1,
          1,
          null,
          null,
          1,
          1,
          null,
          null,
          null,
          1,
          4,
          null,
          1,
          1,
          1,
          1,
          1,
          null,
          null,
          1,
          1,
          null,
          null,
          null,
          null,
          1,
          null,
          null,
          1,
          1,
          null,
          null,
          null,
          null,
          1,
          1,
          null,
          null,
          null,
          null,
          1,
          5,
          null,
          1,
          1,
          1,
          null,
          null,
          null,
          1,
          1,
          1,
          null,
          null,
          1,
          1,
          1,
          null,
          null,
          1,
          1,
          1,
          1,
          null,
          null,
          null,
          1,
          1,
          1,
          1,
          0,
          null,
          0,
          0,
          null,
          null,
          null,
          1,
          1,
          0,
          0,
          0,
          null,
          null,
          null,
          null
        ]
      },
      "/app/app/controllers/comments_controller.rb": {
        "lines": [
          null,
          null,
          1,
          1,
          1,
          null,
          1,
          7,
          7,
          4,
          7,
          5,
          null,
          null,
          3,
          3,
          5,
          4,
          null,
          null,
          null,
          null,
          1,
          1,
          2,
          null,
          null,
          null,
          1,
          null,
          1,
          0,
          0,
          0,
          0,
          null,
          null,
          null,
          null,
          1,
          7,
          4,
          7,
          5,
          null,
          null,
          3,
          3,
          2,
          null,
          4,
          null,
          null,
          null,
          null,
          1,
          4,
          4,
          7,
          5,
          null,
          null,
          null,
          1,
          null,
          1,
          21,
          null,
          null,
          1,
          14,
          14,
          null,
          null,
          1,
          14,
          null,
          null
        ]
      },
      "/app/spec/controllers/locations_controller_spec.rb": {
        "lines": [
          null,
          null,
          null,
          null,
          1,
          null,
          1,
          1,
          0,
          null,
          null,
          null,
          null,
          null,
          null,
          1,
          0,
          null,
          null,
          null,
          null,
          null,
          null,
          1,
          1,
          0,
          0,
          null,
          null,
          1,
          0,
          0,
          0,
          null,
          null,
          null,
          1,
          1,
          0,
          0,
          0,
          null,
          null,
          1,
          0,
          0,
          0,
          null,
          null,
          null,
          1,
          1,
          0,
          0,
          null,
          null,
          1,
          0,
          0,
          null,
          null,
          null,
          1,
          1,
          0,
          0,
          0,
          null,
          null,
          1,
          0,
          0,
          0,
          null,
          null,
          null,
          1,
          1,
          1,
          0,
          0,
          null,
          null,
          null,
          1,
          0,
          0,
          null,
          null,
          null,
          1,
          1,
          0,
          0,
          null,
          null,
          null,
          1,
          0,
          0,
          null,
          null,
          null,
          null,
          1,
          1,
          null,
          1,
          1,
          0,
          0,
          0,
          null,
          null,
          1,
          0,
          0,
          null,
          null,
          null,
          1,
          1,
          0,
          0,
          0,
          null,
          null,
          1,
          0,
          0,
          null,
          null,
          null,
          null,
          1,
          1,
          null,
          1,
          0,
          0,
          null,
          null,
          null,
          1,
          0,
          0,
          null,
          null,
          null
        ]
      },
      "/app/app/controllers/locations_controller.rb": {
        "lines": [
          null,
          null,
          1,
          1,
          null,
          1,
          0,
          null,
          null,
          null,
          0,
          0,
          0,
          null,
          null,
          null,
          null,
          1,
          0,
          0,
          0,
          0,
          null,
          null,
          null,
          null,
          1,
          0,
          0,
          null,
          0,
          0,
          0,
          null,
          null,
          null,
          1,
          0,
          null,
          0,
          0,
          0,
          null,
          null,
          null,
          null,
          1,
          0,
          0,
          0,
          0,
          0,
          null,
          null,
          0,
          null,
          0,
          0,
          0,
          null,
          null,
          null,
          0,
          0,
          null,
          null,
          null,
          null,
          null,
          null,
          1,
          0,
          0,
          0,
          0,
          null,
          null,
          0,
          null,
          0,
          0,
          0,
          null,
          0,
          0,
          null,
          null,
          null,
          null,
          null,
          null,
          null,
          1,
          0,
          null,
          0,
          0,
          0,
          null,
          null,
          0,
          null,
          null,
          null,
          1,
          null,
          1,
          0,
          null,
          null,
          1,
          0,
          null,
          null,
          null,
          null,
          null,
          null,
          null,
          null,
          null
        ]
      },
      "/app/spec/features/locations_spec.rb": {
        "lines": [
          null,
          null,
          null,
          1,
          null,
          1,
          1,
          1,
          0,
          null,
          null,
          1,
          0,
          null,
          null,
          0,
          null,
          null,
          0,
          null,
          null,
          0,
          0,
          0,
          0,
          null,
          null,
          0,
          null,
          null,
          null,
          null,
          0,
          0,
          null,
          null,
          1,
          null,
          0,
          null,
          0,
          null,
          null,
          0,
          null,
          null,
          1,
          0,
          0,
          0,
          0,
          0,
          0,
          0,
          null,
          0,
          0,
          null,
          null,
          0,
          null,
          0,
          null,
          null
        ]
      },
      "/app/spec/models/category_spec.rb": {
        "lines": [
          null,
          null,
          1,
          null,
          1,
          1,
          1,
          null,
          1,
          1,
          null,
          1,
          0,
          0,
          0,
          0,
          null,
          0,
          0,
          null,
          null,
          1,
          0,
          0,
          0,
          0,
          null,
          null,
          null
        ]
      },
      "/app/app/models/category.rb": {
        "lines": [
          null,
          null,
          1,
          1,
          null
        ]
      },
      "/app/app/models/application_record.rb": {
        "lines": [
          null,
          null,
          1,
          1,
          null
        ]
      },
      "/app/spec/models/comment_spec.rb": {
        "lines": [
          null,
          null,
          1,
          null,
          1,
          1,
          null,
          1,
          1,
          null,
          null,
          1,
          1,
          null,
          1,
          null,
          1,
          0,
          0,
          0,
          0,
          0,
          0,
          0,
          null,
          null,
          null
        ]
      },
      "/app/app/models/comment.rb": {
        "lines": [
          null,
          null,
          1,
          1,
          1,
          null,
          1,
          null
        ]
      },
      "/app/spec/models/location_spec.rb": {
        "lines": [
          null,
          null,
          null,
          null,
          1,
          null,
          1,
          1,
          null,
          1,
          1,
          null,
          null,
          1,
          1,
          1,
          1,
          null,
          null,
          1,
          1,
          null,
          null,
          1,
          1,
          0,
          0,
          0,
          null,
          null,
          1,
          0,
          0,
          null,
          null,
          null,
          1,
          1,
          0,
          0,
          0,
          null,
          null,
          1,
          0,
          0,
          0,
          null,
          null,
          null,
          1,
          1,
          0,
          0,
          null,
          null,
          null,
          1,
          1,
          0,
          0,
          null,
          0,
          null,
          null,
          null
        ]
      },
      "/app/app/models/location.rb": {
        "lines": [
          null,
          null,
          1,
          1,
          1,
          1,
          1,
          1,
          null,
          1,
          null,
          1,
          1,
          null,
          null,
          1,
          null,
          1,
          null,
          1,
          21,
          21,
          null,
          21,
          null,
          0,
          0,
          0,
          0,
          null,
          null,
          0,
          null,
          null,
          1,
          0,
          null,
          null
        ]
      },
      "/app/spec/requests/asset_uploads_spec.rb": {
        "lines": [
          null,
          null,
          null,
          1,
          null,
          1,
          1,
          1,
          0,
          null,
          null,
          null,
          null,
          null,
          1,
          1,
          0,
          null,
          0,
          null,
          null,
          null,
          null,
          null,
          null,
          null,
          0,
          null,
          null,
          1,
          0,
          null,
          null,
          1,
          0,
          0,
          0,
          null,
          null,
          null,
          1,
          1,
          0,
          null,
          null,
          1,
          0,
          null,
          null,
          1,
          0,
          0,
          null,
          null,
          null,
          1,
          1,
          0,
          null,
          0,
          null,
          null,
          null,
          null,
          null,
          null,
          null,
          0,
          null,
          null,
          1,
          0,
          null,
          null,
          1,
          0,
          0,
          null,
          null,
          null,
          null
        ]
      },
      "/app/spec/requests/comments_spec.rb": {
        "lines": [
          null,
          null,
          null,
          1,
          null,
          1,
          1,
          null,
          1,
          1,
          1,
          null,
          1,
          0,
          0,
          null,
          null,
          null,
          1,
          0,
          0,
          null,
          null,
          1,
          0,
          0,
          null,
          null,
          1,
          0,
          0,
          0,
          null,
          null,
          null,
          1,
          1,
          null,
          1,
          0,
          0,
          null,
          null,
          null,
          1,
          0,
          0,
          null,
          null,
          1,
          0,
          0,
          0,
          null,
          null,
          null,
          null,
          1,
          1,
          null,
          1,
          0,
          0,
          0,
          null,
          null,
          null,
          1,
          1,
          null,
          1,
          0,
          0,
          null,
          null,
          1,
          0,
          0,
          null,
          null,
          null,
          1,
          1,
          null,
          1,
          1,
          null,
          1,
          0,
          0,
          0,
          null,
          null,
          1,
          0,
          0,
          null,
          null,
          1,
          0,
          0,
          null,
          null,
          1,
          0,
          0,
          0,
          null,
          null,
          null,
          1,
          1,
          null,
          1,
          0,
          null,
          0,
          0,
          0,
          null,
          null,
          1,
          0,
          0,
          null,
          null,
          1,
          0,
          0,
          0,
          null,
          null,
          null,
          null,
          1,
          1,
          null,
          1,
          0,
          0,
          null,
          null,
          null,
          1,
          0,
          0,
          null,
          null,
          1,
          0,
          0,
          null,
          null,
          1,
          0,
          0,
          0,
          null,
          null,
          null,
          1,
          1,
          null,
          1,
          1,
          0,
          null,
          0,
          0,
          null,
          null,
          null,
          1,
          1,
          0,
          0,
          0,
          null,
          null,
          null,
          null
        ]
      },
      "/app/spec/requests/locations_spec.rb": {
        "lines": [
          null,
          null,
          1,
          null,
          1,
          1,
          0,
          null,
          null,
          null,
          null,
          null,
          null,
          1,
          0,
          null,
          null,
          null,
          null,
          null,
          null,
          1,
          1,
          0,
          0,
          null,
          null,
          1,
          0,
          0,
          0,
          null,
          null,
          null,
          1,
          1,
          0,
          0,
          0,
          null,
          null,
          1,
          0,
          0,
          0,
          null,
          null,
          null,
          1,
          1,
          0,
          0,
          null,
          null,
          1,
          0,
          0,
          null,
          null,
          null,
          1,
          1,
          0,
          0,
          null,
          null,
          1,
          0,
          0,
          0,
          null,
          null,
          null,
          1,
          1,
          0,
          0,
          0,
          null,
          null,
          1,
          0,
          0,
          0,
          null,
          null,
          null,
          1,
          1,
          0,
          0,
          null,
          null,
          1,
          0,
          0,
          null,
          null,
          null
        ]
      },
      "/app/spec/services/cloudinary_upload_service_spec.rb": {
        "lines": [
          null,
          null,
          null,
          null,
          1,
          null,
          1,
          1,
          1,
          1,
          1,
          null,
          1,
          null,
          0,
          0,
          null,
          null,
          1,
          0,
          0,
          null,
          0,
          0,
          0,
          0,
          0,
          null,
          null,
          1,
          0,
          0,
          null,
          0,
          0,
          0,
          0,
          0,
          null,
          null,
          null,
          1,
          1,
          1,
          null,
          1,
          null,
          0,
          null,
          null,
          1,
          0,
          0,
          null,
          0,
          0,
          0,
          0,
          0,
          null,
          null,
          null,
          null
        ]
      },
      "/app/app/services/cloudinary/cloudinary_upload_service.rb": {
        "lines": [
          null,
          null,
          null,
          null,
          1,
          1,
          1,
          0,
          0,
          0,
          null,
          null,
          1,
          0,
          0,
          null,
          null,
          null,
          null,
          null,
          null,
          0,
          null,
          null,
          null,
          null,
          null,
          null,
          null,
          null
        ]
      },
      "/app/app/services/application_service.rb": {
        "lines": [
          null,
          null,
          1,
          null,
          null,
          1,
          0,
          null,
          null
        ]
      }
    },
    "timestamp": 1690742642
  }
}
